{
  "stats": {
    "suites": 1,
    "tests": 4,
    "passes": 4,
    "pending": 0,
    "failures": 0,
    "start": "2021-05-06T07:52:47.720Z",
    "end": "2021-05-06T07:52:52.472Z",
    "duration": 4207,
    "testsRegistered": 4,
    "passPercent": 100,
    "pendingPercent": 0,
    "other": 0,
    "hasOther": false,
    "skipped": 0,
    "hasSkipped": false
  },
  "results": [
    {
      "uuid": "1d27feae-5a8e-4acc-b465-a5735ee61ad3",
      "title": "",
      "fullFile": "cypress/integration/search.spec.js",
      "file": "cypress/integration/search.spec.js",
      "beforeHooks": [],
      "afterHooks": [],
      "tests": [],
      "suites": [
        {
          "uuid": "597ebbf7-e06c-4f35-a4f6-9d80fe78f90c",
          "title": "Search Recommends",
          "fullFile": "",
          "file": "",
          "beforeHooks": [],
          "afterHooks": [],
          "tests": [
            {
              "title": "check limit 4 - Search recommends for Guardians Of The Galaxy",
              "fullTitle": "Search Recommends check limit 4 - Search recommends for Guardians Of The Galaxy",
              "timedOut": null,
              "duration": 1099,
              "state": "passed",
              "speed": "slow",
              "pass": true,
              "fail": false,
              "pending": false,
              "context": null,
              "code": "cy.itemRecommend(dataFeeder.searchTerm, limit, 0).then(function (response) {\n  expect(response.status).to.eq(200);\n  expect(response.body).to.have.property('Similar');\n  expect(response.body.Similar.Results).lengthOf(limit);\n});",
              "err": {},
              "uuid": "82c495e9-74f8-4107-84b7-03fc82ffb93a",
              "parentUUID": "597ebbf7-e06c-4f35-a4f6-9d80fe78f90c",
              "isHook": false,
              "skipped": false
            },
            {
              "title": "check limit 2 - Search recommends for Guardians Of The Galaxy",
              "fullTitle": "Search Recommends check limit 2 - Search recommends for Guardians Of The Galaxy",
              "timedOut": null,
              "duration": 721,
              "state": "passed",
              "speed": "slow",
              "pass": true,
              "fail": false,
              "pending": false,
              "context": null,
              "code": "cy.itemRecommend(dataFeeder.searchTerm, limit, 0).then(function (response) {\n  expect(response.status).to.eq(200);\n  expect(response.body).to.have.property('Similar');\n  expect(response.body.Similar.Results).lengthOf(limit);\n});",
              "err": {},
              "uuid": "15e7dc7c-263c-48e5-b042-2e739513c3cd",
              "parentUUID": "597ebbf7-e06c-4f35-a4f6-9d80fe78f90c",
              "isHook": false,
              "skipped": false
            },
            {
              "title": "Info Flag Disabled - Search recommends for Guardians Of The Galaxy",
              "fullTitle": "Search Recommends Info Flag Disabled - Search recommends for Guardians Of The Galaxy",
              "timedOut": null,
              "duration": 1278,
              "state": "passed",
              "speed": "slow",
              "pass": true,
              "fail": false,
              "pending": false,
              "context": null,
              "code": "cy.itemRecommend(dataFeeder.searchTerm, 1, 0).then(function (response) {\n  expect(response.status).to.eq(200);\n  expect(response.body).to.have.property('Similar');\n});",
              "err": {},
              "uuid": "e4235794-0dc0-4810-9917-e3d34eb8c4e5",
              "parentUUID": "597ebbf7-e06c-4f35-a4f6-9d80fe78f90c",
              "isHook": false,
              "skipped": false
            },
            {
              "title": "Info Flag enabled - Search recommends for Guardians Of The Galaxy",
              "fullTitle": "Search Recommends Info Flag enabled - Search recommends for Guardians Of The Galaxy",
              "timedOut": null,
              "duration": 1109,
              "state": "passed",
              "speed": "slow",
              "pass": true,
              "fail": false,
              "pending": false,
              "context": null,
              "code": "cy.itemRecommend(dataFeeder.searchTerm, 1, 1).then(function (response) {\n  expect(response.status).to.eq(200);\n  expect(response.body.Similar).to.have.property('Info');\n  expect(response.body.Similar).to.have.property('Results');\n  expect(response.body.Similar.Info[0]).to.have.property('wTeaser');\n  expect(response.body.Similar.Info[0]).to.have.property('wUrl');\n  expect(response.body.Similar.Info[0]).to.have.property('yUrl');\n  expect(response.body.Similar.Info[0]).to.have.property('yID');\n  expect(response.body.Similar.Info[0].wUrl).contains(\"http\");\n  expect(response.body.Similar.Results).to.have.length(1);\n});",
              "err": {},
              "uuid": "a8fc7786-8fab-4d83-b30f-811b8bd1e536",
              "parentUUID": "597ebbf7-e06c-4f35-a4f6-9d80fe78f90c",
              "isHook": false,
              "skipped": false
            }
          ],
          "suites": [],
          "passes": [
            "82c495e9-74f8-4107-84b7-03fc82ffb93a",
            "15e7dc7c-263c-48e5-b042-2e739513c3cd",
            "e4235794-0dc0-4810-9917-e3d34eb8c4e5",
            "a8fc7786-8fab-4d83-b30f-811b8bd1e536"
          ],
          "failures": [],
          "pending": [],
          "skipped": [],
          "duration": 4207,
          "root": false,
          "rootEmpty": false,
          "_timeout": 2000
        }
      ],
      "passes": [],
      "failures": [],
      "pending": [],
      "skipped": [],
      "duration": 0,
      "root": true,
      "rootEmpty": true,
      "_timeout": 2000
    }
  ],
  "meta": {
    "mocha": {
      "version": "7.0.1"
    },
    "mochawesome": {
      "options": {
        "quiet": false,
        "reportFilename": "mochawesome",
        "saveHtml": false,
        "saveJson": true,
        "consoleReporter": "spec",
        "useInlineDiffs": false,
        "code": true
      },
      "version": "6.2.2"
    },
    "marge": {
      "options": {
        "reportDir": "cypress/results",
        "overwrite": false,
        "html": false,
        "json": true
      },
      "version": "5.2.0"
    }
  }
}